0 info it worked if it ends with ok
1 verbose cli [ 'C:\\Program Files\\nodejs\\\\node.exe',
1 verbose cli   'C:\\Program Files\\nodejs\\node_modules\\npm\\bin\\npm-cli.js',
1 verbose cli   'install',
1 verbose cli   '-',
1 verbose cli   'bower' ]
2 info using npm@2.7.4
3 info using node@v0.12.2
4 verbose node symlink C:\Program Files\nodejs\\node.exe
5 silly cache add args [ '-', null ]
6 verbose cache add spec -
7 silly cache add args [ 'bower', null ]
8 verbose cache add spec bower
9 silly cache add parsed spec { raw: '-',
9 silly cache add   scope: null,
9 silly cache add   name: null,
9 silly cache add   rawSpec: '-',
9 silly cache add   spec: 'C:\\Users\\Calvin\\Documents\\GitHub\\churchina2\\-',
9 silly cache add   type: 'local' }
10 silly cache add parsed spec { raw: 'bower',
10 silly cache add   scope: null,
10 silly cache add   name: 'bower',
10 silly cache add   rawSpec: '',
10 silly cache add   spec: '*',
10 silly cache add   type: 'range' }
11 verbose addNamed bower@*
12 silly addNamed semver.valid null
13 silly addNamed semver.validRange *
14 silly addNameRange { name: 'bower', range: '*', hasData: false }
15 silly mapToRegistry name bower
16 silly mapToRegistry using default registry
17 silly mapToRegistry registry https://registry.npmjs.org/
18 silly mapToRegistry uri https://registry.npmjs.org/bower
19 verbose addNameRange registry:https://registry.npmjs.org/bower not in flight; fetching
20 error addLocal Could not install C:\Users\Calvin\Documents\GitHub\churchina2\-
21 verbose request uri https://registry.npmjs.org/bower
22 verbose request no auth needed
23 info attempt registry request try #1 at 9:06:45 PM
24 verbose request id a81eb37d0374dc63
25 verbose etag "QHY14LZIRMFVU4UEM564WC5M"
26 http request GET https://registry.npmjs.org/bower
27 http 200 https://registry.npmjs.org/bower
28 silly get cb [ 200,
28 silly get   { server: 'CouchDB/1.5.0 (Erlang OTP/R16B03)',
28 silly get     etag: '"EL9GVN4D2OQTJL5W62F8ZVTN4"',
28 silly get     'content-type': 'application/json',
28 silly get     'cache-control': 'max-age=60',
28 silly get     'content-length': '120256',
28 silly get     'accept-ranges': 'bytes',
28 silly get     date: 'Mon, 14 Sep 2015 01:06:50 GMT',
28 silly get     via: '1.1 varnish',
28 silly get     age: '34',
28 silly get     connection: 'keep-alive',
28 silly get     'x-served-by': 'cache-jfk1025-JFK',
28 silly get     'x-cache': 'HIT',
28 silly get     'x-cache-hits': '1',
28 silly get     'x-timer': 'S1442192810.600119,VS0,VE1',
28 silly get     vary: 'Accept' } ]
29 verbose get saving bower to C:\Users\Calvin\AppData\Roaming\npm-cache\registry.npmjs.org\bower\.cache.json
30 silly addNameRange number 2 { name: 'bower', range: '*', hasData: true }
31 silly addNameRange versions [ 'bower',
31 silly addNameRange   [ '0.1.0',
31 silly addNameRange     '0.1.2',
31 silly addNameRange     '0.1.3',
31 silly addNameRange     '0.2.0',
31 silly addNameRange     '0.3.0',
31 silly addNameRange     '0.3.1',
31 silly addNameRange     '0.3.2',
31 silly addNameRange     '0.4.0',
31 silly addNameRange     '0.5.0',
31 silly addNameRange     '0.5.1',
31 silly addNameRange     '0.6.0',
31 silly addNameRange     '0.6.1',
31 silly addNameRange     '0.6.2',
31 silly addNameRange     '0.6.3',
31 silly addNameRange     '0.6.4',
31 silly addNameRange     '0.6.5',
31 silly addNameRange     '0.6.6',
31 silly addNameRange     '0.6.7',
31 silly addNameRange     '0.6.8',
31 silly addNameRange     '0.7.0',
31 silly addNameRange     '0.7.1',
31 silly addNameRange     '0.8.0',
31 silly addNameRange     '0.8.1',
31 silly addNameRange     '0.8.2',
31 silly addNameRange     '0.8.3',
31 silly addNameRange     '0.8.4',
31 silly addNameRange     '0.8.5',
31 silly addNameRange     '0.8.6',
31 silly addNameRange     '0.9.0',
31 silly addNameRange     '0.9.1',
31 silly addNameRange     '0.9.2',
31 silly addNameRange     '0.10.0',
31 silly addNameRange     '1.0.0',
31 silly addNameRange     '1.0.1',
31 silly addNameRange     '1.0.2',
31 silly addNameRange     '1.0.3',
31 silly addNameRange     '1.1.0',
31 silly addNameRange     '1.1.1',
31 silly addNameRange     '1.1.2',
31 silly addNameRange     '1.2.0',
31 silly addNameRange     '1.2.1',
31 silly addNameRange     '1.2.2',
31 silly addNameRange     '1.2.3',
31 silly addNameRange     '1.2.4',
31 silly addNameRange     '1.2.5',
31 silly addNameRange     '1.2.6',
31 silly addNameRange     '1.2.7',
31 silly addNameRange     '1.2.8',
31 silly addNameRange     '1.3.0',
31 silly addNameRange     '1.3.1',
31 silly addNameRange     '1.3.2',
31 silly addNameRange     '1.3.3',
31 silly addNameRange     '1.3.4',
31 silly addNameRange     '1.3.5',
31 silly addNameRange     '1.3.6',
31 silly addNameRange     '1.3.7',
31 silly addNameRange     '1.3.8',
31 silly addNameRange     '1.3.9',
31 silly addNameRange     '1.3.10',
31 silly addNameRange     '1.3.11',
31 silly addNameRange     '1.3.12',
31 silly addNameRange     '1.4.0',
31 silly addNameRange     '1.4.1',
31 silly addNameRange     '1.5.0',
31 silly addNameRange     '1.5.1',
31 silly addNameRange     '1.5.2' ] ]
32 verbose addNamed bower@1.5.2
33 silly addNamed semver.valid 1.5.2
34 silly addNamed semver.validRange 1.5.2
35 silly cache afterAdd bower@1.5.2
36 verbose afterAdd C:\Users\Calvin\AppData\Roaming\npm-cache\bower\1.5.2\package\package.json not in flight; writing
37 verbose afterAdd C:\Users\Calvin\AppData\Roaming\npm-cache\bower\1.5.2\package\package.json written
38 verbose stack Error: ENOENT, open 'C:\Users\Calvin\Documents\GitHub\churchina2\-'
38 verbose stack     at Error (native)
39 verbose cwd C:\Users\Calvin\Documents\GitHub\churchina2
40 error Windows_NT 6.3.9600
41 error argv "C:\\Program Files\\nodejs\\\\node.exe" "C:\\Program Files\\nodejs\\node_modules\\npm\\bin\\npm-cli.js" "install" "-" "bower"
42 error node v0.12.2
43 error npm  v2.7.4
44 error path C:\Users\Calvin\Documents\GitHub\churchina2\-
45 error code ENOENT
46 error errno -4058
47 error enoent ENOENT, open 'C:\Users\Calvin\Documents\GitHub\churchina2\-'
47 error enoent This is most likely not a problem with npm itself
47 error enoent and is related to npm not being able to find a file.
48 verbose exit [ -4058, true ]
